<?xml version="1.0" encoding="UTF-8"?>
<!-- Generated by org.testng.reporters.JUnitReportReporter -->
<testsuite hostname="Neeraja-Laptop" failures="0" tests="2" name="pageImplementationTestNG.LogicImplementationTestNG" time="7.442" errors="0" timestamp="2023-03-13T13:00:58 IST" skipped="0">
  <testcase classname="pageImplementationTestNG.LogicImplementationTestNG" name="Login" time="2.508"/>
  <system-out/>
  <testcase classname="pageImplementationTestNG.LogicImplementationTestNG" name="AddNewCustomer" time="4.934"/>
  <system-out/>
</testsuite> <!-- pageImplementationTestNG.LogicImplementationTestNG -->
